mode: set
pdf_wizard/app.go:17.20,19.2 1 1
pdf_wizard/app.go:23.44,30.2 4 1
pdf_wizard/app.go:33.50,35.2 1 0
pdf_wizard/app.go:38.47,40.2 1 0
pdf_wizard/app.go:43.55,45.2 1 0
pdf_wizard/app.go:48.72,50.2 1 1
pdf_wizard/app.go:53.57,55.2 1 1
pdf_wizard/app.go:58.71,60.2 1 1
pdf_wizard/app.go:63.99,65.2 1 1
pdf_wizard/app.go:68.105,70.2 1 1
pdf_wizard/main.go:14.13,35.16 3 0
pdf_wizard/main.go:35.16,37.3 1 0
pdf_wizard/services/file_service.go:23.55,25.2 1 1
pdf_wizard/services/file_service.go:28.58,38.16 2 0
pdf_wizard/services/file_service.go:38.16,40.3 1 0
pdf_wizard/services/file_service.go:41.2,41.23 1 0
pdf_wizard/services/file_service.go:45.55,55.16 2 0
pdf_wizard/services/file_service.go:55.16,57.3 1 0
pdf_wizard/services/file_service.go:58.2,58.21 1 0
pdf_wizard/services/file_service.go:58.21,60.3 1 0
pdf_wizard/services/file_service.go:61.2,61.23 1 0
pdf_wizard/services/file_service.go:65.63,69.16 2 0
pdf_wizard/services/file_service.go:69.16,71.3 1 0
pdf_wizard/services/file_service.go:72.2,72.23 1 0
pdf_wizard/services/file_service.go:76.80,78.16 2 1
pdf_wizard/services/file_service.go:78.16,80.3 1 0
pdf_wizard/services/file_service.go:82.2,89.8 1 1
pdf_wizard/services/file_service.go:93.65,95.49 1 1
pdf_wizard/services/file_service.go:95.49,97.3 1 0
pdf_wizard/services/file_service.go:100.2,100.51 1 1
pdf_wizard/services/file_service.go:100.51,102.3 1 0
pdf_wizard/services/file_service.go:105.2,106.16 2 1
pdf_wizard/services/file_service.go:106.16,108.3 1 0
pdf_wizard/services/file_service.go:110.2,111.23 2 1
pdf_wizard/services/file_service.go:115.79,117.16 2 1
pdf_wizard/services/file_service.go:117.16,119.3 1 0
pdf_wizard/services/file_service.go:122.2,123.16 2 1
pdf_wizard/services/file_service.go:123.16,125.3 1 0
pdf_wizard/services/file_service.go:127.2,134.8 1 1
pdf_wizard/services/pdf_service.go:21.58,23.2 1 1
pdf_wizard/services/pdf_service.go:26.106,28.26 1 1
pdf_wizard/services/pdf_service.go:28.26,30.3 1 0
pdf_wizard/services/pdf_service.go:33.2,33.34 1 1
pdf_wizard/services/pdf_service.go:33.34,34.17 1 1
pdf_wizard/services/pdf_service.go:34.17,36.4 1 0
pdf_wizard/services/pdf_service.go:37.3,38.25 2 1
pdf_wizard/services/pdf_service.go:38.25,40.4 1 0
pdf_wizard/services/pdf_service.go:41.3,41.17 1 1
pdf_wizard/services/pdf_service.go:41.17,43.4 1 0
pdf_wizard/services/pdf_service.go:44.3,44.19 1 1
pdf_wizard/services/pdf_service.go:44.19,46.4 1 0
pdf_wizard/services/pdf_service.go:48.3,48.52 1 1
pdf_wizard/services/pdf_service.go:48.52,50.4 1 0
pdf_wizard/services/pdf_service.go:54.2,55.24 2 1
pdf_wizard/services/pdf_service.go:55.24,57.3 1 0
pdf_wizard/services/pdf_service.go:58.2,58.16 1 1
pdf_wizard/services/pdf_service.go:58.16,60.3 1 0
pdf_wizard/services/pdf_service.go:61.2,61.19 1 1
pdf_wizard/services/pdf_service.go:61.19,63.3 1 0
pdf_wizard/services/pdf_service.go:67.2,70.47 2 1
pdf_wizard/services/pdf_service.go:70.47,71.47 1 0
pdf_wizard/services/pdf_service.go:71.47,73.4 1 0
pdf_wizard/services/pdf_service.go:77.2,82.16 3 1
pdf_wizard/services/pdf_service.go:82.16,84.3 1 0
pdf_wizard/services/pdf_service.go:87.2,87.55 1 1
pdf_wizard/services/pdf_service.go:87.55,89.3 1 0
pdf_wizard/services/pdf_service.go:91.2,91.12 1 1
pdf_wizard/services/pdf_service.go:95.112,97.54 1 1
pdf_wizard/services/pdf_service.go:97.54,99.3 1 0
pdf_wizard/services/pdf_service.go:102.2,102.56 1 1
pdf_wizard/services/pdf_service.go:102.56,104.3 1 0
pdf_wizard/services/pdf_service.go:107.2,108.24 2 1
pdf_wizard/services/pdf_service.go:108.24,110.3 1 0
pdf_wizard/services/pdf_service.go:111.2,111.16 1 1
pdf_wizard/services/pdf_service.go:111.16,113.3 1 0
pdf_wizard/services/pdf_service.go:114.2,114.19 1 1
pdf_wizard/services/pdf_service.go:114.19,116.3 1 0
pdf_wizard/services/pdf_service.go:119.2,120.16 2 1
pdf_wizard/services/pdf_service.go:120.16,122.3 1 0
pdf_wizard/services/pdf_service.go:125.2,125.31 1 1
pdf_wizard/services/pdf_service.go:125.31,126.58 1 1
pdf_wizard/services/pdf_service.go:126.58,128.4 1 0
pdf_wizard/services/pdf_service.go:129.3,129.68 1 1
pdf_wizard/services/pdf_service.go:129.68,131.4 1 0
pdf_wizard/services/pdf_service.go:132.3,132.46 1 1
pdf_wizard/services/pdf_service.go:132.46,134.4 1 0
pdf_wizard/services/pdf_service.go:138.2,139.31 2 1
pdf_wizard/services/pdf_service.go:139.31,141.28 2 1
pdf_wizard/services/pdf_service.go:141.28,143.4 1 0
pdf_wizard/services/pdf_service.go:144.3,144.31 1 1
pdf_wizard/services/pdf_service.go:148.2,151.31 2 1
pdf_wizard/services/pdf_service.go:151.31,156.48 2 1
pdf_wizard/services/pdf_service.go:156.48,157.48 1 0
pdf_wizard/services/pdf_service.go:157.48,159.5 1 0
pdf_wizard/services/pdf_service.go:164.3,166.17 3 1
pdf_wizard/services/pdf_service.go:166.17,168.4 1 0
pdf_wizard/services/pdf_service.go:171.3,171.56 1 1
pdf_wizard/services/pdf_service.go:171.56,173.4 1 0
pdf_wizard/services/pdf_service.go:176.2,176.12 1 1
